application mobile/app/build/intermediates/manifest_merge_blame_file/release/manifest-merger-blame-release-report.txt
1<?xml version="1.0" encoding="utf-8"?>
2<manifest xmlns:android="http://schemas.android.com/apk/res/android"
3    package="com.example.myapplication"
4    android:versionCode="1"
5    android:versionName="1.0" >
6
7    <uses-sdk
8        android:minSdkVersion="26"
9        android:targetSdkVersion="33" />
10
11    <uses-permission android:name="android.permission.POST_NOTIFICATIONS" />
11-->src\main\AndroidManifest.xml:5:5-77
11-->src\main\AndroidManifest.xml:5:22-74
12    <uses-permission android:name="android.permission.FOREGROUND_SERVICE" />
12-->src\main\AndroidManifest.xml:6:5-77
12-->src\main\AndroidManifest.xml:6:22-74
13    <uses-permission android:name="android.permission.WRITE_EXTERNAL_STORAGE" />
13-->src\main\AndroidManifest.xml:7:5-81
13-->src\main\AndroidManifest.xml:7:22-78
14    <uses-permission android:name="android.permission.READ_EXTERNAL_STORAGE" />
14-->src\main\AndroidManifest.xml:8:5-80
14-->src\main\AndroidManifest.xml:8:22-77
15    <uses-permission android:name="android.permission.INTERNET" />
15-->[com.google.firebase:firebase-auth:23.0.0] AndroidManifest.xml:25:5-67
15-->[com.google.firebase:firebase-auth:23.0.0] AndroidManifest.xml:25:22-64
16    <uses-permission android:name="android.permission.ACCESS_NETWORK_STATE" />
16-->[com.google.firebase:firebase-auth:23.0.0] AndroidManifest.xml:26:5-79
16-->[com.google.firebase:firebase-auth:23.0.0] AndroidManifest.xml:26:22-76
17    <uses-permission android:name="android.permission.WAKE_LOCK" />
17-->[androidx.work:work-runtime:2.9.1] AndroidManifest.xml:23:5-68
17-->[androidx.work:work-runtime:2.9.1] AndroidManifest.xml:23:22-65
18    <uses-permission android:name="android.permission.RECEIVE_BOOT_COMPLETED" /> <!-- Required by older versions of Google Play services to create IID tokens -->
18-->[androidx.work:work-runtime:2.9.1] AndroidManifest.xml:25:5-81
18-->[androidx.work:work-runtime:2.9.1] AndroidManifest.xml:25:22-78
19    <uses-permission android:name="com.google.android.c2dm.permission.RECEIVE" />
19-->[com.google.firebase:firebase-messaging:23.0.0] AndroidManifest.xml:25:5-82
19-->[com.google.firebase:firebase-messaging:23.0.0] AndroidManifest.xml:25:22-79
20    <uses-permission android:name="com.google.android.providers.gsf.permission.READ_GSERVICES" />
20-->[com.google.android.recaptcha:recaptcha:18.4.0] AndroidManifest.xml:9:5-98
20-->[com.google.android.recaptcha:recaptcha:18.4.0] AndroidManifest.xml:9:22-95
21
22    <permission
22-->[androidx.core:core:1.13.1] AndroidManifest.xml:22:5-24:47
23        android:name="com.example.myapplication.DYNAMIC_RECEIVER_NOT_EXPORTED_PERMISSION"
23-->[androidx.core:core:1.13.1] AndroidManifest.xml:23:9-81
24        android:protectionLevel="signature" />
24-->[androidx.core:core:1.13.1] AndroidManifest.xml:24:9-44
25
26    <uses-permission android:name="com.example.myapplication.DYNAMIC_RECEIVER_NOT_EXPORTED_PERMISSION" />
26-->[androidx.core:core:1.13.1] AndroidManifest.xml:26:5-97
26-->[androidx.core:core:1.13.1] AndroidManifest.xml:26:22-94
27
28    <application
28-->src\main\AndroidManifest.xml:10:5-105:19
29        android:allowBackup="true"
29-->src\main\AndroidManifest.xml:11:9-35
30        android:appComponentFactory="androidx.core.app.CoreComponentFactory"
30-->[androidx.core:core:1.13.1] AndroidManifest.xml:28:18-86
31        android:dataExtractionRules="@xml/data_extraction_rules"
31-->src\main\AndroidManifest.xml:12:9-65
32        android:extractNativeLibs="false"
33        android:fullBackupContent="@xml/backup_rules"
33-->src\main\AndroidManifest.xml:13:9-54
34        android:icon="@drawable/appicon"
34-->src\main\AndroidManifest.xml:14:9-41
35        android:label="@string/app_name"
35-->src\main\AndroidManifest.xml:15:9-41
36        android:roundIcon="@mipmap/ic_launcher_round"
36-->src\main\AndroidManifest.xml:16:9-54
37        android:supportsRtl="true"
37-->src\main\AndroidManifest.xml:17:9-35
38        android:theme="@style/Theme.MyApplication" >
38-->src\main\AndroidManifest.xml:18:9-51
39        <activity
39-->src\main\AndroidManifest.xml:20:9-22:40
40            android:name="com.example.myapplication.AllclassYear"
40-->src\main\AndroidManifest.xml:21:13-41
41            android:exported="false" />
41-->src\main\AndroidManifest.xml:22:13-37
42        <activity
42-->src\main\AndroidManifest.xml:23:9-25:40
43            android:name="com.example.myapplication.Humidity_main"
43-->src\main\AndroidManifest.xml:24:13-42
44            android:exported="false" />
44-->src\main\AndroidManifest.xml:25:13-37
45        <activity
45-->src\main\AndroidManifest.xml:26:9-28:40
46            android:name="com.example.myapplication.HumidityYear"
46-->src\main\AndroidManifest.xml:27:13-41
47            android:exported="false" />
47-->src\main\AndroidManifest.xml:28:13-37
48        <activity
48-->src\main\AndroidManifest.xml:29:9-31:40
49            android:name="com.example.myapplication.HumidityMonth"
49-->src\main\AndroidManifest.xml:30:13-42
50            android:exported="false" />
50-->src\main\AndroidManifest.xml:31:13-37
51        <activity
51-->src\main\AndroidManifest.xml:32:9-34:40
52            android:name="com.example.myapplication.Humidity_day"
52-->src\main\AndroidManifest.xml:33:13-41
53            android:exported="false" />
53-->src\main\AndroidManifest.xml:34:13-37
54        <activity
54-->src\main\AndroidManifest.xml:35:9-37:40
55            android:name="com.example.myapplication.PressureYear"
55-->src\main\AndroidManifest.xml:36:13-41
56            android:exported="false" />
56-->src\main\AndroidManifest.xml:37:13-37
57        <activity
57-->src\main\AndroidManifest.xml:38:9-40:40
58            android:name="com.example.myapplication.PressureMonth"
58-->src\main\AndroidManifest.xml:39:13-42
59            android:exported="false" />
59-->src\main\AndroidManifest.xml:40:13-37
60        <activity
60-->src\main\AndroidManifest.xml:41:9-43:40
61            android:name="com.example.myapplication.PressureDay"
61-->src\main\AndroidManifest.xml:42:13-40
62            android:exported="false" />
62-->src\main\AndroidManifest.xml:43:13-37
63        <activity
63-->src\main\AndroidManifest.xml:44:9-46:40
64            android:name="com.example.myapplication.Pressure_main"
64-->src\main\AndroidManifest.xml:45:13-42
65            android:exported="false" />
65-->src\main\AndroidManifest.xml:46:13-37
66        <activity
66-->src\main\AndroidManifest.xml:47:9-49:40
67            android:name="com.example.myapplication.TemperatureYear"
67-->src\main\AndroidManifest.xml:48:13-44
68            android:exported="false" />
68-->src\main\AndroidManifest.xml:49:13-37
69        <activity
69-->src\main\AndroidManifest.xml:50:9-52:40
70            android:name="com.example.myapplication.TemperatureMonth"
70-->src\main\AndroidManifest.xml:51:13-45
71            android:exported="false" />
71-->src\main\AndroidManifest.xml:52:13-37
72        <activity
72-->src\main\AndroidManifest.xml:53:9-55:40
73            android:name="com.example.myapplication.TemperatureDay"
73-->src\main\AndroidManifest.xml:54:13-43
74            android:exported="false" />
74-->src\main\AndroidManifest.xml:55:13-37
75        <activity
75-->src\main\AndroidManifest.xml:56:9-58:40
76            android:name="com.example.myapplication.Co2Year"
76-->src\main\AndroidManifest.xml:57:13-36
77            android:exported="false" />
77-->src\main\AndroidManifest.xml:58:13-37
78        <activity
78-->src\main\AndroidManifest.xml:59:9-61:40
79            android:name="com.example.myapplication.Co2Month"
79-->src\main\AndroidManifest.xml:60:13-37
80            android:exported="false" />
80-->src\main\AndroidManifest.xml:61:13-37
81        <activity
81-->src\main\AndroidManifest.xml:62:9-64:40
82            android:name="com.example.myapplication.CO2main"
82-->src\main\AndroidManifest.xml:63:13-36
83            android:exported="false" />
83-->src\main\AndroidManifest.xml:64:13-37
84        <activity
84-->src\main\AndroidManifest.xml:65:9-67:40
85            android:name="com.example.myapplication.Co2Day"
85-->src\main\AndroidManifest.xml:66:13-35
86            android:exported="false" />
86-->src\main\AndroidManifest.xml:67:13-37
87        <activity
87-->src\main\AndroidManifest.xml:68:9-70:40
88            android:name="com.example.myapplication.Setting"
88-->src\main\AndroidManifest.xml:69:13-36
89            android:exported="false" />
89-->src\main\AndroidManifest.xml:70:13-37
90        <activity
90-->src\main\AndroidManifest.xml:71:9-73:40
91            android:name="com.example.myapplication.Temperature_main"
91-->src\main\AndroidManifest.xml:72:13-45
92            android:exported="false" />
92-->src\main\AndroidManifest.xml:73:13-37
93        <activity
93-->src\main\AndroidManifest.xml:74:9-76:40
94            android:name="com.example.myapplication.Passwordreset"
94-->src\main\AndroidManifest.xml:75:13-42
95            android:exported="false" />
95-->src\main\AndroidManifest.xml:76:13-37
96        <activity
96-->src\main\AndroidManifest.xml:77:9-79:40
97            android:name="com.example.myapplication.register"
97-->src\main\AndroidManifest.xml:78:13-37
98            android:exported="false" />
98-->src\main\AndroidManifest.xml:79:13-37
99        <activity
99-->src\main\AndroidManifest.xml:80:9-82:40
100            android:name="com.example.myapplication.MainActivity"
100-->src\main\AndroidManifest.xml:81:13-41
101            android:exported="false" />
101-->src\main\AndroidManifest.xml:82:13-37
102        <activity
102-->src\main\AndroidManifest.xml:83:9-85:40
103            android:name="com.example.myapplication.login"
103-->src\main\AndroidManifest.xml:84:13-34
104            android:exported="false" />
104-->src\main\AndroidManifest.xml:85:13-37
105        <activity
105-->src\main\AndroidManifest.xml:86:9-95:20
106            android:name="com.example.myapplication.SplashActivity"
106-->src\main\AndroidManifest.xml:87:13-43
107            android:exported="true"
107-->src\main\AndroidManifest.xml:88:13-36
108            android:theme="@style/Theme.AppCompat.Light.NoActionBar" >
108-->src\main\AndroidManifest.xml:89:13-69
109            <intent-filter>
109-->src\main\AndroidManifest.xml:90:13-94:29
110                <action android:name="android.intent.action.MAIN" />
110-->src\main\AndroidManifest.xml:91:17-69
110-->src\main\AndroidManifest.xml:91:25-66
111
112                <category android:name="android.intent.category.LAUNCHER" />
112-->src\main\AndroidManifest.xml:93:17-77
112-->src\main\AndroidManifest.xml:93:27-74
113            </intent-filter>
114        </activity>
115
116        <service
116-->src\main\AndroidManifest.xml:97:9-104:19
117            android:name="com.example.myapplication.TemperatureService"
117-->src\main\AndroidManifest.xml:98:13-47
118            android:enabled="true"
118-->src\main\AndroidManifest.xml:99:13-35
119            android:exported="true" >
119-->src\main\AndroidManifest.xml:100:13-36
120            <intent-filter>
120-->src\main\AndroidManifest.xml:101:13-103:29
121                <action android:name="com.google.firebase.MESSAGING_EVENT" />
121-->src\main\AndroidManifest.xml:102:17-78
121-->src\main\AndroidManifest.xml:102:25-75
122            </intent-filter>
123        </service>
124
125        <activity
125-->[com.google.firebase:firebase-auth:23.0.0] AndroidManifest.xml:29:9-46:20
126            android:name="com.google.firebase.auth.internal.GenericIdpActivity"
126-->[com.google.firebase:firebase-auth:23.0.0] AndroidManifest.xml:30:13-80
127            android:excludeFromRecents="true"
127-->[com.google.firebase:firebase-auth:23.0.0] AndroidManifest.xml:31:13-46
128            android:exported="true"
128-->[com.google.firebase:firebase-auth:23.0.0] AndroidManifest.xml:32:13-36
129            android:launchMode="singleTask"
129-->[com.google.firebase:firebase-auth:23.0.0] AndroidManifest.xml:33:13-44
130            android:theme="@android:style/Theme.Translucent.NoTitleBar" >
130-->[com.google.firebase:firebase-auth:23.0.0] AndroidManifest.xml:34:13-72
131            <intent-filter>
131-->[com.google.firebase:firebase-auth:23.0.0] AndroidManifest.xml:35:13-45:29
132                <action android:name="android.intent.action.VIEW" />
132-->[com.google.firebase:firebase-auth:23.0.0] AndroidManifest.xml:36:17-69
132-->[com.google.firebase:firebase-auth:23.0.0] AndroidManifest.xml:36:25-66
133
134                <category android:name="android.intent.category.DEFAULT" />
134-->[com.google.firebase:firebase-auth:23.0.0] AndroidManifest.xml:38:17-76
134-->[com.google.firebase:firebase-auth:23.0.0] AndroidManifest.xml:38:27-73
135                <category android:name="android.intent.category.BROWSABLE" />
135-->[com.google.firebase:firebase-auth:23.0.0] AndroidManifest.xml:39:17-78
135-->[com.google.firebase:firebase-auth:23.0.0] AndroidManifest.xml:39:27-75
136
137                <data
137-->[com.google.firebase:firebase-auth:23.0.0] AndroidManifest.xml:41:17-44:51
138                    android:host="firebase.auth"
138-->[com.google.firebase:firebase-auth:23.0.0] AndroidManifest.xml:42:21-49
139                    android:path="/"
139-->[com.google.firebase:firebase-auth:23.0.0] AndroidManifest.xml:43:21-37
140                    android:scheme="genericidp" />
140-->[com.google.firebase:firebase-auth:23.0.0] AndroidManifest.xml:44:21-48
141            </intent-filter>
142        </activity>
143        <activity
143-->[com.google.firebase:firebase-auth:23.0.0] AndroidManifest.xml:47:9-64:20
144            android:name="com.google.firebase.auth.internal.RecaptchaActivity"
144-->[com.google.firebase:firebase-auth:23.0.0] AndroidManifest.xml:48:13-79
145            android:excludeFromRecents="true"
145-->[com.google.firebase:firebase-auth:23.0.0] AndroidManifest.xml:49:13-46
146            android:exported="true"
146-->[com.google.firebase:firebase-auth:23.0.0] AndroidManifest.xml:50:13-36
147            android:launchMode="singleTask"
147-->[com.google.firebase:firebase-auth:23.0.0] AndroidManifest.xml:51:13-44
148            android:theme="@android:style/Theme.Translucent.NoTitleBar" >
148-->[com.google.firebase:firebase-auth:23.0.0] AndroidManifest.xml:52:13-72
149            <intent-filter>
149-->[com.google.firebase:firebase-auth:23.0.0] AndroidManifest.xml:53:13-63:29
150                <action android:name="android.intent.action.VIEW" />
150-->[com.google.firebase:firebase-auth:23.0.0] AndroidManifest.xml:36:17-69
150-->[com.google.firebase:firebase-auth:23.0.0] AndroidManifest.xml:36:25-66
151
152                <category android:name="android.intent.category.DEFAULT" />
152-->[com.google.firebase:firebase-auth:23.0.0] AndroidManifest.xml:38:17-76
152-->[com.google.firebase:firebase-auth:23.0.0] AndroidManifest.xml:38:27-73
153                <category android:name="android.intent.category.BROWSABLE" />
153-->[com.google.firebase:firebase-auth:23.0.0] AndroidManifest.xml:39:17-78
153-->[com.google.firebase:firebase-auth:23.0.0] AndroidManifest.xml:39:27-75
154
155                <data
155-->[com.google.firebase:firebase-auth:23.0.0] AndroidManifest.xml:41:17-44:51
156                    android:host="firebase.auth"
156-->[com.google.firebase:firebase-auth:23.0.0] AndroidManifest.xml:42:21-49
157                    android:path="/"
157-->[com.google.firebase:firebase-auth:23.0.0] AndroidManifest.xml:43:21-37
158                    android:scheme="recaptcha" />
158-->[com.google.firebase:firebase-auth:23.0.0] AndroidManifest.xml:44:21-48
159            </intent-filter>
160        </activity>
161
162        <service
162-->[com.google.firebase:firebase-auth:23.0.0] AndroidManifest.xml:66:9-72:19
163            android:name="com.google.firebase.components.ComponentDiscoveryService"
163-->[com.google.firebase:firebase-auth:23.0.0] AndroidManifest.xml:67:13-84
164            android:directBootAware="true"
164-->[com.google.firebase:firebase-common:21.0.0] AndroidManifest.xml:32:13-43
165            android:exported="false" >
165-->[com.google.firebase:firebase-auth:23.0.0] AndroidManifest.xml:68:13-37
166            <meta-data
166-->[com.google.firebase:firebase-auth:23.0.0] AndroidManifest.xml:69:13-71:85
167                android:name="com.google.firebase.components:com.google.firebase.auth.FirebaseAuthRegistrar"
167-->[com.google.firebase:firebase-auth:23.0.0] AndroidManifest.xml:70:17-109
168                android:value="com.google.firebase.components.ComponentRegistrar" />
168-->[com.google.firebase:firebase-auth:23.0.0] AndroidManifest.xml:71:17-82
169            <meta-data
169-->[com.google.firebase:firebase-firestore:25.1.0] AndroidManifest.xml:17:13-19:85
170                android:name="com.google.firebase.components:com.google.firebase.firestore.FirebaseFirestoreKtxRegistrar"
170-->[com.google.firebase:firebase-firestore:25.1.0] AndroidManifest.xml:18:17-122
171                android:value="com.google.firebase.components.ComponentRegistrar" />
171-->[com.google.firebase:firebase-firestore:25.1.0] AndroidManifest.xml:19:17-82
172            <meta-data
172-->[com.google.firebase:firebase-firestore:25.1.0] AndroidManifest.xml:20:13-22:85
173                android:name="com.google.firebase.components:com.google.firebase.firestore.FirestoreRegistrar"
173-->[com.google.firebase:firebase-firestore:25.1.0] AndroidManifest.xml:21:17-111
174                android:value="com.google.firebase.components.ComponentRegistrar" />
174-->[com.google.firebase:firebase-firestore:25.1.0] AndroidManifest.xml:22:17-82
175            <meta-data
175-->[com.google.firebase:firebase-messaging:23.0.0] AndroidManifest.xml:52:13-54:85
176                android:name="com.google.firebase.components:com.google.firebase.messaging.FirebaseMessagingRegistrar"
176-->[com.google.firebase:firebase-messaging:23.0.0] AndroidManifest.xml:53:17-119
177                android:value="com.google.firebase.components.ComponentRegistrar" />
177-->[com.google.firebase:firebase-messaging:23.0.0] AndroidManifest.xml:54:17-82
178            <meta-data
178-->[com.google.firebase:firebase-common-ktx:21.0.0] AndroidManifest.xml:12:13-14:85
179                android:name="com.google.firebase.components:com.google.firebase.ktx.FirebaseCommonLegacyRegistrar"
179-->[com.google.firebase:firebase-common-ktx:21.0.0] AndroidManifest.xml:13:17-116
180                android:value="com.google.firebase.components.ComponentRegistrar" />
180-->[com.google.firebase:firebase-common-ktx:21.0.0] AndroidManifest.xml:14:17-82
181            <meta-data
181-->[com.google.firebase:firebase-datatransport:18.0.0] AndroidManifest.xml:28:13-30:85
182                android:name="com.google.firebase.components:com.google.firebase.datatransport.TransportRegistrar"
182-->[com.google.firebase:firebase-datatransport:18.0.0] AndroidManifest.xml:29:17-115
183                android:value="com.google.firebase.components.ComponentRegistrar" />
183-->[com.google.firebase:firebase-datatransport:18.0.0] AndroidManifest.xml:30:17-82
184            <meta-data
184-->[com.google.firebase:firebase-installations:17.0.0] AndroidManifest.xml:18:13-20:85
185                android:name="com.google.firebase.components:com.google.firebase.installations.FirebaseInstallationsRegistrar"
185-->[com.google.firebase:firebase-installations:17.0.0] AndroidManifest.xml:19:17-127
186                android:value="com.google.firebase.components.ComponentRegistrar" />
186-->[com.google.firebase:firebase-installations:17.0.0] AndroidManifest.xml:20:17-82
187            <meta-data
187-->[com.google.firebase:firebase-common:21.0.0] AndroidManifest.xml:35:13-37:85
188                android:name="com.google.firebase.components:com.google.firebase.FirebaseCommonKtxRegistrar"
188-->[com.google.firebase:firebase-common:21.0.0] AndroidManifest.xml:36:17-109
189                android:value="com.google.firebase.components.ComponentRegistrar" />
189-->[com.google.firebase:firebase-common:21.0.0] AndroidManifest.xml:37:17-82
190        </service>
191
192        <provider
192-->[androidx.work:work-runtime:2.9.1] AndroidManifest.xml:29:9-37:20
193            android:name="androidx.startup.InitializationProvider"
193-->[androidx.work:work-runtime:2.9.1] AndroidManifest.xml:30:13-67
194            android:authorities="com.example.myapplication.androidx-startup"
194-->[androidx.work:work-runtime:2.9.1] AndroidManifest.xml:31:13-68
195            android:exported="false" >
195-->[androidx.work:work-runtime:2.9.1] AndroidManifest.xml:32:13-37
196            <meta-data
196-->[androidx.work:work-runtime:2.9.1] AndroidManifest.xml:34:13-36:52
197                android:name="androidx.work.WorkManagerInitializer"
197-->[androidx.work:work-runtime:2.9.1] AndroidManifest.xml:35:17-68
198                android:value="androidx.startup" />
198-->[androidx.work:work-runtime:2.9.1] AndroidManifest.xml:36:17-49
199            <meta-data
199-->[androidx.emoji2:emoji2:1.3.0] AndroidManifest.xml:29:13-31:52
200                android:name="androidx.emoji2.text.EmojiCompatInitializer"
200-->[androidx.emoji2:emoji2:1.3.0] AndroidManifest.xml:30:17-75
201                android:value="androidx.startup" />
201-->[androidx.emoji2:emoji2:1.3.0] AndroidManifest.xml:31:17-49
202            <meta-data
202-->[androidx.lifecycle:lifecycle-process:2.6.2] AndroidManifest.xml:29:13-31:52
203                android:name="androidx.lifecycle.ProcessLifecycleInitializer"
203-->[androidx.lifecycle:lifecycle-process:2.6.2] AndroidManifest.xml:30:17-78
204                android:value="androidx.startup" />
204-->[androidx.lifecycle:lifecycle-process:2.6.2] AndroidManifest.xml:31:17-49
205            <meta-data
205-->[androidx.profileinstaller:profileinstaller:1.3.1] AndroidManifest.xml:29:13-31:52
206                android:name="androidx.profileinstaller.ProfileInstallerInitializer"
206-->[androidx.profileinstaller:profileinstaller:1.3.1] AndroidManifest.xml:30:17-85
207                android:value="androidx.startup" />
207-->[androidx.profileinstaller:profileinstaller:1.3.1] AndroidManifest.xml:31:17-49
208        </provider>
209
210        <service
210-->[androidx.work:work-runtime:2.9.1] AndroidManifest.xml:39:9-45:35
211            android:name="androidx.work.impl.background.systemalarm.SystemAlarmService"
211-->[androidx.work:work-runtime:2.9.1] AndroidManifest.xml:40:13-88
212            android:directBootAware="false"
212-->[androidx.work:work-runtime:2.9.1] AndroidManifest.xml:41:13-44
213            android:enabled="@bool/enable_system_alarm_service_default"
213-->[androidx.work:work-runtime:2.9.1] AndroidManifest.xml:42:13-72
214            android:exported="false" />
214-->[androidx.work:work-runtime:2.9.1] AndroidManifest.xml:43:13-37
215        <service
215-->[androidx.work:work-runtime:2.9.1] AndroidManifest.xml:46:9-52:35
216            android:name="androidx.work.impl.background.systemjob.SystemJobService"
216-->[androidx.work:work-runtime:2.9.1] AndroidManifest.xml:47:13-84
217            android:directBootAware="false"
217-->[androidx.work:work-runtime:2.9.1] AndroidManifest.xml:48:13-44
218            android:enabled="@bool/enable_system_job_service_default"
218-->[androidx.work:work-runtime:2.9.1] AndroidManifest.xml:49:13-70
219            android:exported="true"
219-->[androidx.work:work-runtime:2.9.1] AndroidManifest.xml:50:13-36
220            android:permission="android.permission.BIND_JOB_SERVICE" />
220-->[androidx.work:work-runtime:2.9.1] AndroidManifest.xml:51:13-69
221        <service
221-->[androidx.work:work-runtime:2.9.1] AndroidManifest.xml:53:9-59:35
222            android:name="androidx.work.impl.foreground.SystemForegroundService"
222-->[androidx.work:work-runtime:2.9.1] AndroidManifest.xml:54:13-81
223            android:directBootAware="false"
223-->[androidx.work:work-runtime:2.9.1] AndroidManifest.xml:55:13-44
224            android:enabled="@bool/enable_system_foreground_service_default"
224-->[androidx.work:work-runtime:2.9.1] AndroidManifest.xml:56:13-77
225            android:exported="false" />
225-->[androidx.work:work-runtime:2.9.1] AndroidManifest.xml:57:13-37
226
227        <receiver
227-->[androidx.work:work-runtime:2.9.1] AndroidManifest.xml:61:9-66:35
228            android:name="androidx.work.impl.utils.ForceStopRunnable$BroadcastReceiver"
228-->[androidx.work:work-runtime:2.9.1] AndroidManifest.xml:62:13-88
229            android:directBootAware="false"
229-->[androidx.work:work-runtime:2.9.1] AndroidManifest.xml:63:13-44
230            android:enabled="true"
230-->[androidx.work:work-runtime:2.9.1] AndroidManifest.xml:64:13-35
231            android:exported="false" />
231-->[androidx.work:work-runtime:2.9.1] AndroidManifest.xml:65:13-37
232        <receiver
232-->[androidx.work:work-runtime:2.9.1] AndroidManifest.xml:67:9-77:20
233            android:name="androidx.work.impl.background.systemalarm.ConstraintProxy$BatteryChargingProxy"
233-->[androidx.work:work-runtime:2.9.1] AndroidManifest.xml:68:13-106
234            android:directBootAware="false"
234-->[androidx.work:work-runtime:2.9.1] AndroidManifest.xml:69:13-44
235            android:enabled="false"
235-->[androidx.work:work-runtime:2.9.1] AndroidManifest.xml:70:13-36
236            android:exported="false" >
236-->[androidx.work:work-runtime:2.9.1] AndroidManifest.xml:71:13-37
237            <intent-filter>
237-->[androidx.work:work-runtime:2.9.1] AndroidManifest.xml:73:13-76:29
238                <action android:name="android.intent.action.ACTION_POWER_CONNECTED" />
238-->[androidx.work:work-runtime:2.9.1] AndroidManifest.xml:74:17-87
238-->[androidx.work:work-runtime:2.9.1] AndroidManifest.xml:74:25-84
239                <action android:name="android.intent.action.ACTION_POWER_DISCONNECTED" />
239-->[androidx.work:work-runtime:2.9.1] AndroidManifest.xml:75:17-90
239-->[androidx.work:work-runtime:2.9.1] AndroidManifest.xml:75:25-87
240            </intent-filter>
241        </receiver>
242        <receiver
242-->[androidx.work:work-runtime:2.9.1] AndroidManifest.xml:78:9-88:20
243            android:name="androidx.work.impl.background.systemalarm.ConstraintProxy$BatteryNotLowProxy"
243-->[androidx.work:work-runtime:2.9.1] AndroidManifest.xml:79:13-104
244            android:directBootAware="false"
244-->[androidx.work:work-runtime:2.9.1] AndroidManifest.xml:80:13-44
245            android:enabled="false"
245-->[androidx.work:work-runtime:2.9.1] AndroidManifest.xml:81:13-36
246            android:exported="false" >
246-->[androidx.work:work-runtime:2.9.1] AndroidManifest.xml:82:13-37
247            <intent-filter>
247-->[androidx.work:work-runtime:2.9.1] AndroidManifest.xml:84:13-87:29
248                <action android:name="android.intent.action.BATTERY_OKAY" />
248-->[androidx.work:work-runtime:2.9.1] AndroidManifest.xml:85:17-77
248-->[androidx.work:work-runtime:2.9.1] AndroidManifest.xml:85:25-74
249                <action android:name="android.intent.action.BATTERY_LOW" />
249-->[androidx.work:work-runtime:2.9.1] AndroidManifest.xml:86:17-76
249-->[androidx.work:work-runtime:2.9.1] AndroidManifest.xml:86:25-73
250            </intent-filter>
251        </receiver>
252        <receiver
252-->[androidx.work:work-runtime:2.9.1] AndroidManifest.xml:89:9-99:20
253            android:name="androidx.work.impl.background.systemalarm.ConstraintProxy$StorageNotLowProxy"
253-->[androidx.work:work-runtime:2.9.1] AndroidManifest.xml:90:13-104
254            android:directBootAware="false"
254-->[androidx.work:work-runtime:2.9.1] AndroidManifest.xml:91:13-44
255            android:enabled="false"
255-->[androidx.work:work-runtime:2.9.1] AndroidManifest.xml:92:13-36
256            android:exported="false" >
256-->[androidx.work:work-runtime:2.9.1] AndroidManifest.xml:93:13-37
257            <intent-filter>
257-->[androidx.work:work-runtime:2.9.1] AndroidManifest.xml:95:13-98:29
258                <action android:name="android.intent.action.DEVICE_STORAGE_LOW" />
258-->[androidx.work:work-runtime:2.9.1] AndroidManifest.xml:96:17-83
258-->[androidx.work:work-runtime:2.9.1] AndroidManifest.xml:96:25-80
259                <action android:name="android.intent.action.DEVICE_STORAGE_OK" />
259-->[androidx.work:work-runtime:2.9.1] AndroidManifest.xml:97:17-82
259-->[androidx.work:work-runtime:2.9.1] AndroidManifest.xml:97:25-79
260            </intent-filter>
261        </receiver>
262        <receiver
262-->[androidx.work:work-runtime:2.9.1] AndroidManifest.xml:100:9-109:20
263            android:name="androidx.work.impl.background.systemalarm.ConstraintProxy$NetworkStateProxy"
263-->[androidx.work:work-runtime:2.9.1] AndroidManifest.xml:101:13-103
264            android:directBootAware="false"
264-->[androidx.work:work-runtime:2.9.1] AndroidManifest.xml:102:13-44
265            android:enabled="false"
265-->[androidx.work:work-runtime:2.9.1] AndroidManifest.xml:103:13-36
266            android:exported="false" >
266-->[androidx.work:work-runtime:2.9.1] AndroidManifest.xml:104:13-37
267            <intent-filter>
267-->[androidx.work:work-runtime:2.9.1] AndroidManifest.xml:106:13-108:29
268                <action android:name="android.net.conn.CONNECTIVITY_CHANGE" />
268-->[androidx.work:work-runtime:2.9.1] AndroidManifest.xml:107:17-79
268-->[androidx.work:work-runtime:2.9.1] AndroidManifest.xml:107:25-76
269            </intent-filter>
270        </receiver>
271        <receiver
271-->[androidx.work:work-runtime:2.9.1] AndroidManifest.xml:110:9-121:20
272            android:name="androidx.work.impl.background.systemalarm.RescheduleReceiver"
272-->[androidx.work:work-runtime:2.9.1] AndroidManifest.xml:111:13-88
273            android:directBootAware="false"
273-->[androidx.work:work-runtime:2.9.1] AndroidManifest.xml:112:13-44
274            android:enabled="false"
274-->[androidx.work:work-runtime:2.9.1] AndroidManifest.xml:113:13-36
275            android:exported="false" >
275-->[androidx.work:work-runtime:2.9.1] AndroidManifest.xml:114:13-37
276            <intent-filter>